<?xml version="1.0" encoding="UTF-8"?>
<testsuite xmlns:xsi="http://www.w3.org/2001/XMLSchema-instance" xsi:noNamespaceSchemaLocation="https://maven.apache.org/surefire/maven-surefire-plugin/xsd/surefire-test-report.xsd" name="testRunner.TestRun" time="134.217" tests="6" errors="0" skipped="0" failures="1">
  <properties>
[...]
</properties>
  <testcase name="Add a new Customer" classname="Customers" time="36.172"/>
  <testcase name="Search Customer by EmailId" classname="Customers" time="20.999"/>
  <testcase name="Search Customer by Name" classname="Customers" time="24.296"/>
  <testcase name="Successful Login with Valid Credentials" classname="Login" time="19.953"/>
  <testcase name="Login Data Driven" classname="Login" time="21.662"/>
  <testcase name="Login Data Driven" classname="Login" time="10.512">
    <failure type="junit.framework.AssertionFailedError">junit.framework.AssertionFailedError
</failure>
    <system-out><![CDATA[
  Scenario Outline: Login Data Driven                                          # Features/Login.feature:26
    Given User launch Chrome Browser                                           # Steps.user_launch_Chrome_Browser()
    When User opens URL "https://admin-demo.nopcommerce.com/"                  # Steps.user_opens_URL(String)
    And User enters Email as "admin1@yourstore.com" and password as "admin123" # Steps.user_enters_Email_as_and_password_as(String,String)
    And Clicks on Login                                                        # Steps.clicks_on_Login()
    Then Page Title should be "Dashboard / nopCommerce administration"         # Steps.page_Title_should_be(String)
      junit.framework.AssertionFailedError
	at junit.framework.Assert.fail(Assert.java:55)
	at junit.framework.Assert.assertTrue(Assert.java:22)
	at junit.framework.Assert.assertTrue(Assert.java:31)
	at stepDefinitions.Steps.page_Title_should_be(Steps.java:46)
	at ?.Page Title should be "Dashboard / nopCommerce administration"(file:Features/Login.feature:18)

    When User clicks logout                                                    # Steps.user_clicks_logout()
    Then Page Title should be "Your store. Login"                              # Steps.page_Title_should_be(String)
    And close browser                                                          # Steps.close_browser()
]]></system-out>
    <system-err><![CDATA[Starting ChromeDriver 114.0.5735.90 (386bc09e8f4f2e025eddae123f36f6263096ae49-refs/branch-heads/5735@{#1052}) on port 5640
Only local connections are allowed.
Please see https://chromedriver.chromium.org/security-considerations for suggestions on keeping ChromeDriver safe.
ChromeDriver was started successfully.
Jul 01, 2023 2:49:51 PM org.openqa.selenium.remote.ProtocolHandshake createSession
INFO: Detected dialect: W3C
]]></system-err>
  </testcase>
</testsuite>