-------------------------------------------------------------------------------
Test set: testRunner.TestRun
-------------------------------------------------------------------------------
Tests run: 6, Failures: 1, Errors: 0, Skipped: 0, Time elapsed: 134.217 s <<< FAILURE! - in testRunner.TestRun
Login Data Driven(Login)  Time elapsed: 10.512 s  <<< FAILURE!
junit.framework.AssertionFailedError

